21:13:58.883 [main] INFO  com.intuit.karate.Runner - using system property 'karate.env': prod
21:13:59.120 [main] DEBUG com.intuit.karate.Suite - [config] classpath:karate-config.js
21:14:02.160 [main] DEBUG com.intuit.karate - request:
1 > POST https://parabank.parasoft.com/parabank/services/bank/requestLoan?loanDuration=12&amount=3315&fromAccountId=14676
1 > Accept: application/json
1 > Host: parabank.parasoft.com
1 > Connection: Keep-Alive
1 > User-Agent: Apache-HttpClient/4.5.13 (Java/17.0.12)
1 > Accept-Encoding: gzip,deflate


21:14:03.076 [main] DEBUG com.intuit.karate - response time in milliseconds: 908
1 < 400
1 < Date: Thu, 13 Nov 2025 02:13:59 GMT
1 < Content-Type: text/plain;charset=UTF-8
1 < Content-Length: 164
1 < Connection: keep-alive
1 < Server: cloudflare
1 < cf-cache-status: DYNAMIC
1 < X-Content-Type-Options: nosniff
1 < CF-RAY: 99dac0c58ec9a51b-MIA
Cannot invoke "java.math.BigDecimal.compareTo(java.math.BigDecimal)" because the return value of "com.parasoft.parabank.domain.LoanRequest.getDownPayment()" is null

21:14:03.087 [main] ERROR com.intuit.karate - classpath:org/udea/parabank/LoanSimulation.feature:19
Then status 200
status code was: 400, expected: 200, response time in milliseconds: 908, url: https://parabank.parasoft.com/parabank/services/bank/requestLoan?loanDuration=12&amount=3315&fromAccountId=14676, response: 
Cannot invoke "java.math.BigDecimal.compareTo(java.math.BigDecimal)" because the return value of "com.parasoft.parabank.domain.LoanRequest.getDownPayment()" is null
classpath:org/udea/parabank/LoanSimulation.feature:19
21:14:03.228 [main] DEBUG com.intuit.karate - request:
1 > POST https://parabank.parasoft.com/parabank/services/bank/requestLoan?loanDuration=12&amount=-1856&fromAccountId=14676
1 > Accept: application/json
1 > Host: parabank.parasoft.com
1 > Connection: Keep-Alive
1 > User-Agent: Apache-HttpClient/4.5.13 (Java/17.0.12)
1 > Accept-Encoding: gzip,deflate


21:14:03.594 [main] DEBUG com.intuit.karate - response time in milliseconds: 366
1 < 400
1 < Date: Thu, 13 Nov 2025 02:14:00 GMT
1 < Content-Type: text/plain;charset=UTF-8
1 < Content-Length: 164
1 < Connection: keep-alive
1 < Server: cloudflare
1 < cf-cache-status: DYNAMIC
1 < X-Content-Type-Options: nosniff
1 < CF-RAY: 99dac0ca3947a55a-MIA
Cannot invoke "java.math.BigDecimal.compareTo(java.math.BigDecimal)" because the return value of "com.parasoft.parabank.domain.LoanRequest.getDownPayment()" is null

21:14:03.600 [main] ERROR com.intuit.karate - classpath:org/udea/parabank/LoanSimulation.feature:45
Then status 200
status code was: 400, expected: 200, response time in milliseconds: 366, url: https://parabank.parasoft.com/parabank/services/bank/requestLoan?loanDuration=12&amount=-1856&fromAccountId=14676, response: 
Cannot invoke "java.math.BigDecimal.compareTo(java.math.BigDecimal)" because the return value of "com.parasoft.parabank.domain.LoanRequest.getDownPayment()" is null
classpath:org/udea/parabank/LoanSimulation.feature:45
21:14:07.248 [main] INFO  com.intuit.karate.Runner - using system property 'karate.env': prod
21:14:07.258 [main] DEBUG com.intuit.karate.Suite - [config] classpath:karate-config.js
21:14:07.300 [main] DEBUG com.intuit.karate - request:
1 > GET https://parabank.parasoft.com/parabank/services/bank/customers/13322/accounts
1 > Accept: application/json
1 > Host: parabank.parasoft.com
1 > Connection: Keep-Alive
1 > User-Agent: Apache-HttpClient/4.5.13 (Java/17.0.12)
1 > Accept-Encoding: gzip,deflate


21:14:07.796 [main] DEBUG com.intuit.karate - response time in milliseconds: 495
1 < 200
1 < Date: Thu, 13 Nov 2025 02:14:04 GMT
1 < Content-Type: application/json
1 < Transfer-Encoding: chunked
1 < Connection: keep-alive
1 < Server: cloudflare
1 < cf-cache-status: DYNAMIC
1 < X-Content-Type-Options: nosniff
1 < CF-RAY: 99dac0e3ab165154-MIA
[{"id":14676,"customerId":13322,"type":"CHECKING","balance":9729.50},{"id":14787,"customerId":13322,"type":"CHECKING","balance":-471.00},{"id":14898,"customerId":13322,"type":"SAVINGS","balance":486.00},{"id":16008,"customerId":13322,"type":"LOAN","balance":-50.00},{"id":16119,"customerId":13322,"type":"LOAN","balance":150.00},{"id":16230,"customerId":13322,"type":"LOAN","balance":1000.00}]

21:14:07.878 [main] DEBUG com.intuit.karate - request:
1 > GET https://parabank.parasoft.com/parabank/services/bank/customers/999990/accounts
1 > Accept: application/json
1 > Host: parabank.parasoft.com
1 > Connection: Keep-Alive
1 > User-Agent: Apache-HttpClient/4.5.13 (Java/17.0.12)
1 > Accept-Encoding: gzip,deflate


21:14:08.451 [main] DEBUG com.intuit.karate - response time in milliseconds: 572
1 < 400
1 < Date: Thu, 13 Nov 2025 02:14:04 GMT
1 < Content-Type: text/plain;charset=UTF-8
1 < Content-Length: 31
1 < Connection: keep-alive
1 < Server: cloudflare
1 < cf-cache-status: DYNAMIC
1 < X-Content-Type-Options: nosniff
1 < CF-RAY: 99dac0e73ac37525-MIA
Could not find customer #999990

21:14:09.353 [main] INFO  com.intuit.karate.Runner - using system property 'karate.env': prod
21:14:09.373 [main] DEBUG com.intuit.karate.Suite - [config] classpath:karate-config.js
21:14:09.419 [main] DEBUG com.intuit.karate - request:
1 > GET https://parabank.parasoft.com/parabank/services/bank/customers/13322/accounts
1 > Accept: application/json
1 > Host: parabank.parasoft.com
1 > Connection: Keep-Alive
1 > User-Agent: Apache-HttpClient/4.5.13 (Java/17.0.12)
1 > Accept-Encoding: gzip,deflate


21:14:09.868 [main] DEBUG com.intuit.karate - response time in milliseconds: 448
1 < 200
1 < Date: Thu, 13 Nov 2025 02:14:06 GMT
1 < Content-Type: application/json
1 < Transfer-Encoding: chunked
1 < Connection: keep-alive
1 < Server: cloudflare
1 < cf-cache-status: DYNAMIC
1 < X-Content-Type-Options: nosniff
1 < CF-RAY: 99dac0f0bbdb359d-MIA
[{"id":14676,"customerId":13322,"type":"CHECKING","balance":9729.50},{"id":14787,"customerId":13322,"type":"CHECKING","balance":-471.00},{"id":14898,"customerId":13322,"type":"SAVINGS","balance":486.00},{"id":16008,"customerId":13322,"type":"LOAN","balance":-50.00},{"id":16119,"customerId":13322,"type":"LOAN","balance":150.00},{"id":16230,"customerId":13322,"type":"LOAN","balance":1000.00}]

21:14:09.984 [main] DEBUG com.intuit.karate - request:
2 > POST https://parabank.parasoft.com/parabank/services/bank/billpay?accountId=14787&amount=-236.0
2 > Content-Type: application/json; charset=UTF-8
2 > Content-Length: 171
2 > Host: parabank.parasoft.com
2 > Connection: Keep-Alive
2 > User-Agent: Apache-HttpClient/4.5.13 (Java/17.0.12)
2 > Accept-Encoding: gzip,deflate
{"name":"Brent Welch","address":{"street":"Dicki Forge","city":"Erdmanshire","state":"French Polynesia","zipCode":"VA"},"phoneNumber":"834-333-8163","accountNumber":14787}

21:14:10.284 [main] DEBUG com.intuit.karate - response time in milliseconds: 299
2 < 200
2 < Date: Thu, 13 Nov 2025 02:14:06 GMT
2 < Content-Type: application/xml
2 < Transfer-Encoding: chunked
2 < Connection: keep-alive
2 < Server: cloudflare
2 < cf-cache-status: DYNAMIC
2 < X-Content-Type-Options: nosniff
2 < CF-RAY: 99dac0f44bcdf498-MIA
<?xml version="1.0" encoding="UTF-8" standalone="yes"?><billPayResult><accountId>14787</accountId><amount>-236.0</amount><payeeName>Brent Welch</payeeName></billPayResult>

21:14:10.322 [main] ERROR com.intuit.karate - classpath:org/udea/parabank/PayBillFail.feature:42
Then status 400
status code was: 200, expected: 400, response time in milliseconds: 299, url: https://parabank.parasoft.com/parabank/services/bank/billpay?accountId=14787&amount=-236.0, response: 
<?xml version="1.0" encoding="UTF-8" standalone="yes"?><billPayResult><accountId>14787</accountId><amount>-236.0</amount><payeeName>Brent Welch</payeeName></billPayResult>
classpath:org/udea/parabank/PayBillFail.feature:42
21:14:11.490 [main] INFO  com.intuit.karate.Runner - using system property 'karate.env': prod
21:14:11.498 [main] DEBUG com.intuit.karate.Suite - [config] classpath:karate-config.js
21:14:11.736 [main] DEBUG com.intuit.karate - request:
1 > POST https://parabank.parasoft.com/parabank/services/bank/transfer?amount=180&fromAccountId=14676&toAccountId=14898
1 > Accept: application/json
1 > Host: parabank.parasoft.com
1 > Connection: Keep-Alive
1 > User-Agent: Apache-HttpClient/4.5.13 (Java/17.0.12)
1 > Accept-Encoding: gzip,deflate


21:14:12.055 [main] DEBUG com.intuit.karate - response time in milliseconds: 319
1 < 200
1 < Date: Thu, 13 Nov 2025 02:14:08 GMT
1 < Content-Type: application/json
1 < Transfer-Encoding: chunked
1 < Connection: keep-alive
1 < Server: cloudflare
1 < cf-cache-status: DYNAMIC
1 < X-Content-Type-Options: nosniff
1 < CF-RAY: 99dac0ff4891b7f2-MIA
Successfully transferred $180 from account #14676 to account #14898

21:14:12.200 [main] DEBUG com.intuit.karate - request:
1 > POST https://parabank.parasoft.com/parabank/services/bank/transfer?amount=197&fromAccountId=31916&toAccountId=36387
1 > Accept: application/json
1 > Host: parabank.parasoft.com
1 > Connection: Keep-Alive
1 > User-Agent: Apache-HttpClient/4.5.13 (Java/17.0.12)
1 > Accept-Encoding: gzip,deflate


21:14:12.628 [main] DEBUG com.intuit.karate - response time in milliseconds: 426
1 < 400
1 < Date: Thu, 13 Nov 2025 02:14:09 GMT
1 < Content-Type: text/plain;charset=UTF-8
1 < Content-Length: 48
1 < Connection: keep-alive
1 < Server: cloudflare
1 < cf-cache-status: DYNAMIC
1 < X-Content-Type-Options: nosniff
1 < CF-RAY: 99dac101f9a3db1d-MIA
Could not find account number 31916 and/or 36387

21:14:13.166 [main] INFO  com.intuit.karate.Runner - using system property 'karate.env': prod
21:14:13.222 [main] DEBUG com.intuit.karate.Suite - [config] classpath:karate-config.js
21:14:13.360 [main] DEBUG com.intuit.karate - request:
1 > GET https://parabank.parasoft.com/parabank/services/bank/login/vafeda/vafeda
1 > Accept: application/json
1 > Host: parabank.parasoft.com
1 > Connection: Keep-Alive
1 > User-Agent: Apache-HttpClient/4.5.13 (Java/17.0.12)
1 > Accept-Encoding: gzip,deflate


21:14:13.704 [main] DEBUG com.intuit.karate - response time in milliseconds: 344
1 < 200
1 < Date: Thu, 13 Nov 2025 02:14:10 GMT
1 < Content-Type: application/json
1 < Transfer-Encoding: chunked
1 < Connection: keep-alive
1 < Server: cloudflare
1 < cf-cache-status: DYNAMIC
1 < X-Content-Type-Options: nosniff
1 < CF-RAY: 99dac1099f83650a-MIA
{"id":13322,"firstName":"vafeda","lastName":"vafeda","address":{"street":"e","city":"e","state":"e","zipCode":"e"},"phoneNumber":"e","ssn":"e"}

21:14:13.819 [main] DEBUG com.intuit.karate - request:
1 > GET https://parabank.parasoft.com/parabank/services/bank/login/invalidUser/invalidPass
1 > Accept: application/json
1 > Host: parabank.parasoft.com
1 > Connection: Keep-Alive
1 > User-Agent: Apache-HttpClient/4.5.13 (Java/17.0.12)
1 > Accept-Encoding: gzip,deflate


21:14:14.155 [main] DEBUG com.intuit.karate - response time in milliseconds: 334
1 < 400
1 < Date: Thu, 13 Nov 2025 02:14:10 GMT
1 < Content-Type: text/plain;charset=UTF-8
1 < Content-Length: 32
1 < Connection: keep-alive
1 < Server: cloudflare
1 < cf-cache-status: DYNAMIC
1 < X-Content-Type-Options: nosniff
1 < CF-RAY: 99dac10c69e1dae5-MIA
Invalid username and/or password

21:15:44.429 [main] DEBUG com.intuit.karate.Suite - [config] classpath:karate-config.js
21:15:47.540 [main] DEBUG com.intuit.karate - request:
1 > POST http://192.168.0.182:8080/parabank/services/bank/requestLoan?loanDuration=12&amount=3482&fromAccountId=14676
1 > Accept: application/json
1 > Host: 192.168.0.182:8080
1 > Connection: Keep-Alive
1 > User-Agent: Apache-HttpClient/4.5.13 (Java/17.0.12)
1 > Accept-Encoding: gzip,deflate


21:15:52.582 [main] ERROR com.intuit.karate - org.apache.http.conn.ConnectTimeoutException: Connect to 192.168.0.182:8080 [/192.168.0.182] failed: Connect timed out, http call failed after 5604 milliseconds for url: http://192.168.0.182:8080/parabank/services/bank/requestLoan?loanDuration=12&amount=3482&fromAccountId=14676
21:15:52.582 [main] ERROR com.intuit.karate - classpath:org/udea/parabank/LoanSimulation.feature:18
When method POST
http call failed after 5604 milliseconds for url: http://192.168.0.182:8080/parabank/services/bank/requestLoan?loanDuration=12&amount=3482&fromAccountId=14676
classpath:org/udea/parabank/LoanSimulation.feature:18
21:15:52.649 [main] DEBUG com.intuit.karate - request:
1 > POST http://192.168.0.182:8080/parabank/services/bank/requestLoan?loanDuration=12&amount=-3187&fromAccountId=14676
1 > Accept: application/json
1 > Host: 192.168.0.182:8080
1 > Connection: Keep-Alive
1 > User-Agent: Apache-HttpClient/4.5.13 (Java/17.0.12)
1 > Accept-Encoding: gzip,deflate


21:15:57.653 [main] ERROR com.intuit.karate - org.apache.http.conn.ConnectTimeoutException: Connect to 192.168.0.182:8080 [/192.168.0.182] failed: Connect timed out, http call failed after 5008 milliseconds for url: http://192.168.0.182:8080/parabank/services/bank/requestLoan?loanDuration=12&amount=-3187&fromAccountId=14676
21:15:57.654 [main] ERROR com.intuit.karate - classpath:org/udea/parabank/LoanSimulation.feature:44
When method POST
http call failed after 5008 milliseconds for url: http://192.168.0.182:8080/parabank/services/bank/requestLoan?loanDuration=12&amount=-3187&fromAccountId=14676
classpath:org/udea/parabank/LoanSimulation.feature:44
21:16:00.867 [main] DEBUG com.intuit.karate.Suite - [config] classpath:karate-config.js
21:16:00.942 [main] DEBUG com.intuit.karate - request:
1 > GET http://192.168.0.182:8080/parabank/services/bank/customers/13322/accounts
1 > Accept: application/json
1 > Host: 192.168.0.182:8080
1 > Connection: Keep-Alive
1 > User-Agent: Apache-HttpClient/4.5.13 (Java/17.0.12)
1 > Accept-Encoding: gzip,deflate


21:16:05.951 [main] ERROR com.intuit.karate - org.apache.http.conn.ConnectTimeoutException: Connect to 192.168.0.182:8080 [/192.168.0.182] failed: Connect timed out, http call failed after 5011 milliseconds for url: http://192.168.0.182:8080/parabank/services/bank/customers/13322/accounts
21:16:05.952 [main] ERROR com.intuit.karate - classpath:org/udea/parabank/GetAccounts.feature:11
When method GET
http call failed after 5011 milliseconds for url: http://192.168.0.182:8080/parabank/services/bank/customers/13322/accounts
classpath:org/udea/parabank/GetAccounts.feature:11
21:16:05.979 [main] DEBUG com.intuit.karate - request:
1 > GET http://192.168.0.182:8080/parabank/services/bank/customers/999990/accounts
1 > Accept: application/json
1 > Host: 192.168.0.182:8080
1 > Connection: Keep-Alive
1 > User-Agent: Apache-HttpClient/4.5.13 (Java/17.0.12)
1 > Accept-Encoding: gzip,deflate


21:16:10.986 [main] ERROR com.intuit.karate - org.apache.http.conn.ConnectTimeoutException: Connect to 192.168.0.182:8080 [/192.168.0.182] failed: Connect timed out, http call failed after 5011 milliseconds for url: http://192.168.0.182:8080/parabank/services/bank/customers/999990/accounts
21:16:10.987 [main] ERROR com.intuit.karate - classpath:org/udea/parabank/GetAccounts.feature:58
When method GET
http call failed after 5011 milliseconds for url: http://192.168.0.182:8080/parabank/services/bank/customers/999990/accounts
classpath:org/udea/parabank/GetAccounts.feature:58
21:16:11.789 [main] DEBUG com.intuit.karate.Suite - [config] classpath:karate-config.js
21:16:11.835 [main] DEBUG com.intuit.karate - request:
1 > GET http://192.168.0.182:8080/parabank/services/bank/customers/13322/accounts
1 > Accept: application/json
1 > Host: 192.168.0.182:8080
1 > Connection: Keep-Alive
1 > User-Agent: Apache-HttpClient/4.5.13 (Java/17.0.12)
1 > Accept-Encoding: gzip,deflate


21:16:16.845 [main] ERROR com.intuit.karate - org.apache.http.conn.ConnectTimeoutException: Connect to 192.168.0.182:8080 [/192.168.0.182] failed: Connect timed out, http call failed after 5013 milliseconds for url: http://192.168.0.182:8080/parabank/services/bank/customers/13322/accounts
21:16:16.846 [main] ERROR com.intuit.karate - classpath:org/udea/parabank/PayBillFail.feature:12
When method GET
http call failed after 5013 milliseconds for url: http://192.168.0.182:8080/parabank/services/bank/customers/13322/accounts
classpath:org/udea/parabank/PayBillFail.feature:12
21:16:17.375 [main] DEBUG com.intuit.karate.Suite - [config] classpath:karate-config.js
21:16:17.502 [main] DEBUG com.intuit.karate - request:
1 > POST http://192.168.0.182:8080/parabank/services/bank/transfer?amount=108&fromAccountId=14676&toAccountId=14898
1 > Accept: application/json
1 > Host: 192.168.0.182:8080
1 > Connection: Keep-Alive
1 > User-Agent: Apache-HttpClient/4.5.13 (Java/17.0.12)
1 > Accept-Encoding: gzip,deflate


21:16:22.514 [main] ERROR com.intuit.karate - org.apache.http.conn.ConnectTimeoutException: Connect to 192.168.0.182:8080 [/192.168.0.182] failed: Connect timed out, http call failed after 5013 milliseconds for url: http://192.168.0.182:8080/parabank/services/bank/transfer?amount=108&fromAccountId=14676&toAccountId=14898
21:16:22.514 [main] ERROR com.intuit.karate - classpath:org/udea/parabank/TransferFunds.feature:19
When method post
http call failed after 5013 milliseconds for url: http://192.168.0.182:8080/parabank/services/bank/transfer?amount=108&fromAccountId=14676&toAccountId=14898
classpath:org/udea/parabank/TransferFunds.feature:19
21:16:22.536 [main] DEBUG com.intuit.karate - request:
1 > POST http://192.168.0.182:8080/parabank/services/bank/transfer?amount=25&fromAccountId=45912&toAccountId=48860
1 > Accept: application/json
1 > Host: 192.168.0.182:8080
1 > Connection: Keep-Alive
1 > User-Agent: Apache-HttpClient/4.5.13 (Java/17.0.12)
1 > Accept-Encoding: gzip,deflate


21:16:27.540 [main] ERROR com.intuit.karate - org.apache.http.conn.ConnectTimeoutException: Connect to 192.168.0.182:8080 [/192.168.0.182] failed: Connect timed out, http call failed after 5006 milliseconds for url: http://192.168.0.182:8080/parabank/services/bank/transfer?amount=25&fromAccountId=45912&toAccountId=48860
21:16:27.541 [main] ERROR com.intuit.karate - classpath:org/udea/parabank/TransferFunds.feature:28
When method post
http call failed after 5006 milliseconds for url: http://192.168.0.182:8080/parabank/services/bank/transfer?amount=25&fromAccountId=45912&toAccountId=48860
classpath:org/udea/parabank/TransferFunds.feature:28
21:16:28.108 [main] DEBUG com.intuit.karate.Suite - [config] classpath:karate-config.js
21:16:28.199 [main] DEBUG com.intuit.karate - request:
1 > GET http://192.168.0.182:8080/parabank/services/bank/login/vafeda/vafeda
1 > Accept: application/json
1 > Host: 192.168.0.182:8080
1 > Connection: Keep-Alive
1 > User-Agent: Apache-HttpClient/4.5.13 (Java/17.0.12)
1 > Accept-Encoding: gzip,deflate


21:16:33.214 [main] ERROR com.intuit.karate - org.apache.http.conn.ConnectTimeoutException: Connect to 192.168.0.182:8080 [/192.168.0.182] failed: Connect timed out, http call failed after 5016 milliseconds for url: http://192.168.0.182:8080/parabank/services/bank/login/vafeda/vafeda
21:16:33.215 [main] ERROR com.intuit.karate - classpath:org/udea/parabank/login.feature:12
When method GET
http call failed after 5016 milliseconds for url: http://192.168.0.182:8080/parabank/services/bank/login/vafeda/vafeda
classpath:org/udea/parabank/login.feature:12
21:16:33.234 [main] DEBUG com.intuit.karate - request:
1 > GET http://192.168.0.182:8080/parabank/services/bank/login/invalidUser/invalidPass
1 > Accept: application/json
1 > Host: 192.168.0.182:8080
1 > Connection: Keep-Alive
1 > User-Agent: Apache-HttpClient/4.5.13 (Java/17.0.12)
1 > Accept-Encoding: gzip,deflate


21:16:38.238 [main] ERROR com.intuit.karate - org.apache.http.conn.ConnectTimeoutException: Connect to 192.168.0.182:8080 [/192.168.0.182] failed: Connect timed out, http call failed after 5005 milliseconds for url: http://192.168.0.182:8080/parabank/services/bank/login/invalidUser/invalidPass
21:16:38.239 [main] ERROR com.intuit.karate - classpath:org/udea/parabank/login.feature:37
When method GET
http call failed after 5005 milliseconds for url: http://192.168.0.182:8080/parabank/services/bank/login/invalidUser/invalidPass
classpath:org/udea/parabank/login.feature:37
21:18:34.745 [main] DEBUG com.intuit.karate.Suite - [config] classpath:karate-config.js
21:18:38.894 [main] DEBUG com.intuit.karate - request:
1 > POST http://parabank.parasoft.com/parabank/services/bank/requestLoan?loanDuration=12&amount=3831&fromAccountId=14676
1 > Accept: application/json
1 > Host: parabank.parasoft.com
1 > Connection: Keep-Alive
1 > User-Agent: Apache-HttpClient/4.5.13 (Java/17.0.12)
1 > Accept-Encoding: gzip,deflate


21:18:39.369 [main] DEBUG com.intuit.karate - request:
2 > POST http://parabank.parasoft.com/parabank/services/bank/requestLoan?loanDuration=12&amount=3831&fromAccountId=14676
2 > Accept: application/json
2 > Host: parabank.parasoft.com
2 > Connection: Keep-Alive
2 > User-Agent: Apache-HttpClient/4.5.13 (Java/17.0.12)
2 > Accept-Encoding: gzip,deflate


21:18:40.219 [main] DEBUG com.intuit.karate - response time in milliseconds: 845
2 < 405
2 < Date: Thu, 13 Nov 2025 02:18:36 GMT
2 < Content-Length: 0
2 < Connection: keep-alive
2 < Server: cloudflare
2 < allow: POST,GET,OPTIONS,HEAD
2 < cf-cache-status: DYNAMIC
2 < X-Content-Type-Options: nosniff
2 < CF-RAY: 99dac78b1ee4a274-MIA


21:18:40.233 [main] ERROR com.intuit.karate - classpath:org/udea/parabank/LoanSimulation.feature:19
Then status 200
status code was: 405, expected: 200, response time in milliseconds: 845, url: http://parabank.parasoft.com/parabank/services/bank/requestLoan?loanDuration=12&amount=3831&fromAccountId=14676, response: 

classpath:org/udea/parabank/LoanSimulation.feature:19
21:18:40.425 [main] DEBUG com.intuit.karate - request:
1 > POST http://parabank.parasoft.com/parabank/services/bank/requestLoan?loanDuration=12&amount=-1304&fromAccountId=14676
1 > Accept: application/json
1 > Host: parabank.parasoft.com
1 > Connection: Keep-Alive
1 > User-Agent: Apache-HttpClient/4.5.13 (Java/17.0.12)
1 > Accept-Encoding: gzip,deflate


21:18:40.780 [main] DEBUG com.intuit.karate - request:
2 > POST http://parabank.parasoft.com/parabank/services/bank/requestLoan?loanDuration=12&amount=-1304&fromAccountId=14676
2 > Accept: application/json
2 > Host: parabank.parasoft.com
2 > Connection: Keep-Alive
2 > User-Agent: Apache-HttpClient/4.5.13 (Java/17.0.12)
2 > Accept-Encoding: gzip,deflate


21:18:41.427 [main] DEBUG com.intuit.karate - response time in milliseconds: 646
2 < 405
2 < Date: Thu, 13 Nov 2025 02:18:37 GMT
2 < Content-Length: 0
2 < Connection: keep-alive
2 < Server: cloudflare
2 < allow: POST,GET,OPTIONS,HEAD
2 < cf-cache-status: DYNAMIC
2 < X-Content-Type-Options: nosniff
2 < CF-RAY: 99dac791a846a551-MIA


21:18:41.437 [main] ERROR com.intuit.karate - classpath:org/udea/parabank/LoanSimulation.feature:45
Then status 200
status code was: 405, expected: 200, response time in milliseconds: 646, url: http://parabank.parasoft.com/parabank/services/bank/requestLoan?loanDuration=12&amount=-1304&fromAccountId=14676, response: 

classpath:org/udea/parabank/LoanSimulation.feature:45
21:18:51.791 [main] DEBUG com.intuit.karate.Suite - [config] classpath:karate-config.js
21:18:52.087 [main] DEBUG com.intuit.karate - request:
1 > GET http://parabank.parasoft.com/parabank/services/bank/customers/13322/accounts
1 > Accept: application/json
1 > Host: parabank.parasoft.com
1 > Connection: Keep-Alive
1 > User-Agent: Apache-HttpClient/4.5.13 (Java/17.0.12)
1 > Accept-Encoding: gzip,deflate


21:18:52.309 [main] DEBUG com.intuit.karate - request:
2 > GET http://parabank.parasoft.com/parabank/services/bank/customers/13322/accounts
2 > Accept: application/json
2 > Host: parabank.parasoft.com
2 > Connection: Keep-Alive
2 > User-Agent: Apache-HttpClient/4.5.13 (Java/17.0.12)
2 > Accept-Encoding: gzip,deflate


21:18:52.745 [main] DEBUG com.intuit.karate - response time in milliseconds: 433
2 < 200
2 < Date: Thu, 13 Nov 2025 02:18:49 GMT
2 < Content-Type: application/json
2 < Transfer-Encoding: chunked
2 < Connection: keep-alive
2 < Server: cloudflare
2 < cf-cache-status: DYNAMIC
2 < X-Content-Type-Options: nosniff
2 < CF-RAY: 99dac7d95941a540-MIA
[{"id":14676,"customerId":13322,"type":"CHECKING","balance":9549.50},{"id":14787,"customerId":13322,"type":"CHECKING","balance":-235.00},{"id":14898,"customerId":13322,"type":"SAVINGS","balance":666.00},{"id":16008,"customerId":13322,"type":"LOAN","balance":-50.00},{"id":16119,"customerId":13322,"type":"LOAN","balance":150.00},{"id":16230,"customerId":13322,"type":"LOAN","balance":1000.00}]

21:18:52.807 [main] ERROR com.intuit.karate - classpath:org/udea/parabank/GetAccounts.feature:13
And match response ==
"""
[
  {
    "id": 14676,
    "customerId": #(customerId),
    "type": "CHECKING",
    "balance": 9729.50
  },
  {
    "id": 14787,
    "customerId": #(customerId),
    "type": "CHECKING",
    "balance": -471.00
  },
  {
    "id": 14898,
    "customerId": #(customerId),
    "type": "SAVINGS",
    "balance": 486.00
  },
  {
    "id": 16008,
    "customerId": #(customerId),
    "type": "LOAN",
    "balance": -50.00
  },
  {
    "id": 16119,
    "customerId": #(customerId),
    "type": "LOAN",
    "balance": 150.00
  },
  {
    "id": 16230,
    "customerId": #(customerId),
    "type": "LOAN",
    "balance": 1000.00
  }
]
"""
match failed: EQUALS
  $ | not equal | array match failed at index 0 (LIST:LIST)
  [{"id":14676,"customerId":13322,"type":"CHECKING","balance":9549.5},{"id":14787,"customerId":13322,"type":"CHECKING","balance":-235.0},{"id":14898,"customerId":13322,"type":"SAVINGS","balance":666.0},{"id":16008,"customerId":13322,"type":"LOAN","balance":-50.0},{"id":16119,"customerId":13322,"type":"LOAN","balance":150.0},{"id":16230,"customerId":13322,"type":"LOAN","balance":1000.0}]
  [{"id":14676,"customerId":13322,"type":"CHECKING","balance":9729.5},{"id":14787,"customerId":13322,"type":"CHECKING","balance":-471.0},{"id":14898,"customerId":13322,"type":"SAVINGS","balance":486.0},{"id":16008,"customerId":13322,"type":"LOAN","balance":-50.0},{"id":16119,"customerId":13322,"type":"LOAN","balance":150.0},{"id":16230,"customerId":13322,"type":"LOAN","balance":1000.0}]

    $[0] | not equal | match failed for name: 'balance' (MAP:MAP)
    {"id":14676,"customerId":13322,"type":"CHECKING","balance":9549.5}
    {"id":14676,"customerId":13322,"type":"CHECKING","balance":9729.5}

      $[0].balance | not equal (NUMBER:NUMBER)
      9549.5
      9729.5

classpath:org/udea/parabank/GetAccounts.feature:13
21:18:52.857 [main] DEBUG com.intuit.karate - request:
1 > GET http://parabank.parasoft.com/parabank/services/bank/customers/999990/accounts
1 > Accept: application/json
1 > Host: parabank.parasoft.com
1 > Connection: Keep-Alive
1 > User-Agent: Apache-HttpClient/4.5.13 (Java/17.0.12)
1 > Accept-Encoding: gzip,deflate


21:18:53.180 [main] DEBUG com.intuit.karate - request:
2 > GET http://parabank.parasoft.com/parabank/services/bank/customers/999990/accounts
2 > Accept: application/json
2 > Host: parabank.parasoft.com
2 > Connection: Keep-Alive
2 > User-Agent: Apache-HttpClient/4.5.13 (Java/17.0.12)
2 > Accept-Encoding: gzip,deflate


21:18:53.663 [main] DEBUG com.intuit.karate - response time in milliseconds: 483
2 < 400
2 < Date: Thu, 13 Nov 2025 02:18:50 GMT
2 < Content-Type: text/plain;charset=UTF-8
2 < Content-Length: 31
2 < Connection: keep-alive
2 < Server: cloudflare
2 < cf-cache-status: DYNAMIC
2 < X-Content-Type-Options: nosniff
2 < CF-RAY: 99dac7de3e719d81-MIA
Could not find customer #999990

21:18:54.509 [main] DEBUG com.intuit.karate.Suite - [config] classpath:karate-config.js
21:18:54.543 [main] DEBUG com.intuit.karate - request:
1 > GET http://parabank.parasoft.com/parabank/services/bank/customers/13322/accounts
1 > Accept: application/json
1 > Host: parabank.parasoft.com
1 > Connection: Keep-Alive
1 > User-Agent: Apache-HttpClient/4.5.13 (Java/17.0.12)
1 > Accept-Encoding: gzip,deflate


21:18:54.855 [main] DEBUG com.intuit.karate - request:
2 > GET http://parabank.parasoft.com/parabank/services/bank/customers/13322/accounts
2 > Accept: application/json
2 > Host: parabank.parasoft.com
2 > Connection: Keep-Alive
2 > User-Agent: Apache-HttpClient/4.5.13 (Java/17.0.12)
2 > Accept-Encoding: gzip,deflate


21:18:55.302 [main] DEBUG com.intuit.karate - response time in milliseconds: 446
2 < 200
2 < Date: Thu, 13 Nov 2025 02:18:51 GMT
2 < Content-Type: application/json
2 < Transfer-Encoding: chunked
2 < Connection: keep-alive
2 < Server: cloudflare
2 < cf-cache-status: DYNAMIC
2 < X-Content-Type-Options: nosniff
2 < CF-RAY: 99dac7e8882c36f2-MIA
[{"id":14676,"customerId":13322,"type":"CHECKING","balance":9549.50},{"id":14787,"customerId":13322,"type":"CHECKING","balance":-235.00},{"id":14898,"customerId":13322,"type":"SAVINGS","balance":666.00},{"id":16008,"customerId":13322,"type":"LOAN","balance":-50.00},{"id":16119,"customerId":13322,"type":"LOAN","balance":150.00},{"id":16230,"customerId":13322,"type":"LOAN","balance":1000.00}]

21:18:55.462 [main] DEBUG com.intuit.karate - request:
3 > POST http://parabank.parasoft.com/parabank/services/bank/billpay?accountId=14787&amount=89.0
3 > Content-Type: application/json; charset=UTF-8
3 > Content-Length: 171
3 > Host: parabank.parasoft.com
3 > Connection: Keep-Alive
3 > User-Agent: Apache-HttpClient/4.5.13 (Java/17.0.12)
3 > Accept-Encoding: gzip,deflate
{"name":"Brent Welch","address":{"street":"Dicki Forge","city":"Erdmanshire","state":"French Polynesia","zipCode":"VA"},"phoneNumber":"834-333-8163","accountNumber":14787}

21:18:55.666 [main] DEBUG com.intuit.karate - request:
4 > POST http://parabank.parasoft.com/parabank/services/bank/billpay?accountId=14787&amount=89.0
4 > Content-Type: application/json; charset=UTF-8
4 > Host: parabank.parasoft.com
4 > Connection: Keep-Alive
4 > User-Agent: Apache-HttpClient/4.5.13 (Java/17.0.12)
4 > Accept-Encoding: gzip,deflate
{"name":"Brent Welch","address":{"street":"Dicki Forge","city":"Erdmanshire","state":"French Polynesia","zipCode":"VA"},"phoneNumber":"834-333-8163","accountNumber":14787}

21:18:55.993 [main] DEBUG com.intuit.karate - response time in milliseconds: 326
4 < 405
4 < Date: Thu, 13 Nov 2025 02:18:52 GMT
4 < Content-Length: 0
4 < Connection: keep-alive
4 < Server: cloudflare
4 < allow: POST,GET,OPTIONS,HEAD
4 < cf-cache-status: DYNAMIC
4 < X-Content-Type-Options: nosniff
4 < CF-RAY: 99dac7edbec838e7-MIA


21:18:55.994 [main] ERROR com.intuit.karate - classpath:org/udea/parabank/PayBillFail.feature:42
Then status 400
status code was: 405, expected: 400, response time in milliseconds: 326, url: http://parabank.parasoft.com/parabank/services/bank/billpay?accountId=14787&amount=89.0, response: 

classpath:org/udea/parabank/PayBillFail.feature:42
21:18:56.658 [main] DEBUG com.intuit.karate.Suite - [config] classpath:karate-config.js
21:18:56.726 [main] DEBUG com.intuit.karate - request:
1 > POST http://parabank.parasoft.com/parabank/services/bank/transfer?amount=62&fromAccountId=14676&toAccountId=14898
1 > Accept: application/json
1 > Host: parabank.parasoft.com
1 > Connection: Keep-Alive
1 > User-Agent: Apache-HttpClient/4.5.13 (Java/17.0.12)
1 > Accept-Encoding: gzip,deflate


21:18:56.935 [main] DEBUG com.intuit.karate - request:
2 > POST http://parabank.parasoft.com/parabank/services/bank/transfer?amount=62&fromAccountId=14676&toAccountId=14898
2 > Accept: application/json
2 > Host: parabank.parasoft.com
2 > Connection: Keep-Alive
2 > User-Agent: Apache-HttpClient/4.5.13 (Java/17.0.12)
2 > Accept-Encoding: gzip,deflate


21:18:57.238 [main] DEBUG com.intuit.karate - response time in milliseconds: 302
2 < 405
2 < Date: Thu, 13 Nov 2025 02:18:53 GMT
2 < Content-Length: 0
2 < Connection: keep-alive
2 < Server: cloudflare
2 < allow: POST,GET,OPTIONS,HEAD
2 < cf-cache-status: DYNAMIC
2 < X-Content-Type-Options: nosniff
2 < CF-RAY: 99dac7f58870a681-MIA


21:18:57.239 [main] ERROR com.intuit.karate - classpath:org/udea/parabank/TransferFunds.feature:20
Then status 200
status code was: 405, expected: 200, response time in milliseconds: 302, url: http://parabank.parasoft.com/parabank/services/bank/transfer?amount=62&fromAccountId=14676&toAccountId=14898, response: 

classpath:org/udea/parabank/TransferFunds.feature:20
21:18:57.265 [main] DEBUG com.intuit.karate - request:
1 > POST http://parabank.parasoft.com/parabank/services/bank/transfer?amount=179&fromAccountId=65256&toAccountId=90613
1 > Accept: application/json
1 > Host: parabank.parasoft.com
1 > Connection: Keep-Alive
1 > User-Agent: Apache-HttpClient/4.5.13 (Java/17.0.12)
1 > Accept-Encoding: gzip,deflate


21:18:57.571 [main] DEBUG com.intuit.karate - request:
2 > POST http://parabank.parasoft.com/parabank/services/bank/transfer?amount=179&fromAccountId=65256&toAccountId=90613
2 > Accept: application/json
2 > Host: parabank.parasoft.com
2 > Connection: Keep-Alive
2 > User-Agent: Apache-HttpClient/4.5.13 (Java/17.0.12)
2 > Accept-Encoding: gzip,deflate


21:18:57.861 [main] DEBUG com.intuit.karate - response time in milliseconds: 289
2 < 405
2 < Date: Thu, 13 Nov 2025 02:18:54 GMT
2 < Content-Length: 0
2 < Connection: keep-alive
2 < Server: cloudflare
2 < allow: POST,GET,OPTIONS,HEAD
2 < cf-cache-status: DYNAMIC
2 < X-Content-Type-Options: nosniff
2 < CF-RAY: 99dac7f96f1b70ab-MIA


21:18:57.862 [main] ERROR com.intuit.karate - classpath:org/udea/parabank/TransferFunds.feature:29
Then status 400
status code was: 405, expected: 400, response time in milliseconds: 289, url: http://parabank.parasoft.com/parabank/services/bank/transfer?amount=179&fromAccountId=65256&toAccountId=90613, response: 

classpath:org/udea/parabank/TransferFunds.feature:29
21:18:58.751 [main] DEBUG com.intuit.karate.Suite - [config] classpath:karate-config.js
21:18:58.874 [main] DEBUG com.intuit.karate - request:
1 > GET http://parabank.parasoft.com/parabank/services/bank/login/vafeda/vafeda
1 > Accept: application/json
1 > Host: parabank.parasoft.com
1 > Connection: Keep-Alive
1 > User-Agent: Apache-HttpClient/4.5.13 (Java/17.0.12)
1 > Accept-Encoding: gzip,deflate


21:18:59.180 [main] DEBUG com.intuit.karate - request:
2 > GET http://parabank.parasoft.com/parabank/services/bank/login/vafeda/vafeda
2 > Accept: application/json
2 > Host: parabank.parasoft.com
2 > Connection: Keep-Alive
2 > User-Agent: Apache-HttpClient/4.5.13 (Java/17.0.12)
2 > Accept-Encoding: gzip,deflate


21:18:59.439 [main] DEBUG com.intuit.karate - response time in milliseconds: 259
2 < 200
2 < Date: Thu, 13 Nov 2025 02:18:55 GMT
2 < Content-Type: application/json
2 < Transfer-Encoding: chunked
2 < Connection: keep-alive
2 < Server: cloudflare
2 < cf-cache-status: DYNAMIC
2 < X-Content-Type-Options: nosniff
2 < CF-RAY: 99dac8035a31d7b3-MIA
{"id":13322,"firstName":"vafeda","lastName":"vafeda","address":{"street":"e","city":"e","state":"e","zipCode":"e"},"phoneNumber":"e","ssn":"e"}

21:18:59.461 [main] DEBUG com.intuit.karate - request:
1 > GET http://parabank.parasoft.com/parabank/services/bank/login/invalidUser/invalidPass
1 > Accept: application/json
1 > Host: parabank.parasoft.com
1 > Connection: Keep-Alive
1 > User-Agent: Apache-HttpClient/4.5.13 (Java/17.0.12)
1 > Accept-Encoding: gzip,deflate


21:18:59.690 [main] DEBUG com.intuit.karate - request:
2 > GET http://parabank.parasoft.com/parabank/services/bank/login/invalidUser/invalidPass
2 > Accept: application/json
2 > Host: parabank.parasoft.com
2 > Connection: Keep-Alive
2 > User-Agent: Apache-HttpClient/4.5.13 (Java/17.0.12)
2 > Accept-Encoding: gzip,deflate


21:19:00.018 [main] DEBUG com.intuit.karate - response time in milliseconds: 327
2 < 400
2 < Date: Thu, 13 Nov 2025 02:18:56 GMT
2 < Content-Type: text/plain;charset=UTF-8
2 < Content-Length: 32
2 < Connection: keep-alive
2 < Server: cloudflare
2 < cf-cache-status: DYNAMIC
2 < X-Content-Type-Options: nosniff
2 < CF-RAY: 99dac806de0bde1b-MIA
Invalid username and/or password

